Mplus VERSION 8.6
MUTHEN & MUTHEN
11/27/2025   4:45 PM

INPUT INSTRUCTIONS

  TITLE:
  Latent Class Analysis Mean Scales c=5
  DATA:
  FILE = "lca_means2_be8fe3d5d211831b22e5c1c73febce2f.dat";

  VARIABLE:
  NAMES = ID Eco Bio_PN Bio_IPI Bio_VRtN;
   MISSING=.;

    usevariables = ID Eco Bio_PN Bio_IPI Bio_VRtN;

    classes      = c(5)
  ANALYSIS:

      Type=mixture; ! LCA analysis
      STARTS= 500 100;
      !LRTstarts=0 0 300 20;

  OUTPUT:
  tech11 tech14;
  SAVEDATA:
  file = lca_5.txt ;
      save = cprob;
      format = free;

  PLOT:

      type = plot3;
      series is Eco(1) Bio_PN(2) Bio_IPI(3) Bio_VRtN(4);




*** WARNING in MODEL command
  All variables are uncorrelated with all other variables within class.
  Check that this is what is intended.
   1 WARNING(S) FOUND IN THE INPUT INSTRUCTIONS




Latent Class Analysis Mean Scales c=5

SUMMARY OF ANALYSIS

Number of groups                                                 1
Number of observations                                         582

Number of dependent variables                                    5
Number of independent variables                                  0
Number of continuous latent variables                            0
Number of categorical latent variables                           1

Observed dependent variables

  Continuous
   ID          ECO         BIO_PN      BIO_IPI     BIO_VRTN

Categorical latent variables
   C


Estimator                                                      MLR
Information matrix                                        OBSERVED
Optimization Specifications for the Quasi-Newton Algorithm for
Continuous Outcomes
  Maximum number of iterations                                 100
  Convergence criterion                                  0.100D-05
Optimization Specifications for the EM Algorithm
  Maximum number of iterations                                 500
  Convergence criteria
    Loglikelihood change                                 0.100D-06
    Relative loglikelihood change                        0.100D-06
    Derivative                                           0.100D-05
Optimization Specifications for the M step of the EM Algorithm for
Categorical Latent variables
  Number of M step iterations                                    1
  M step convergence criterion                           0.100D-05
  Basis for M step termination                           ITERATION
Optimization Specifications for the M step of the EM Algorithm for
Censored, Binary or Ordered Categorical (Ordinal), Unordered
Categorical (Nominal) and Count Outcomes
  Number of M step iterations                                    1
  M step convergence criterion                           0.100D-05
  Basis for M step termination                           ITERATION
  Maximum value for logit thresholds                            15
  Minimum value for logit thresholds                           -15
  Minimum expected cell size for chi-square              0.100D-01
Maximum number of iterations for H1                           2000
Convergence criterion for H1                             0.100D-03
Optimization algorithm                                         EMA
Random Starts Specifications
  Number of initial stage random starts                        500
  Number of final stage optimizations                          100
  Number of initial stage iterations                            10
  Initial stage convergence criterion                    0.100D+01
  Random starts scale                                    0.500D+01
  Random seed for generating random starts                       0

Input data file(s)
  lca_means2_be8fe3d5d211831b22e5c1c73febce2f.dat
Input data format  FREE


SUMMARY OF DATA

     Number of missing data patterns             1
     Number of y missing data patterns           1
     Number of u missing data patterns           0


COVARIANCE COVERAGE OF DATA

Minimum covariance coverage value   0.100


     PROPORTION OF DATA PRESENT FOR Y


           Covariance Coverage
              ID            ECO           BIO_PN        BIO_IPI       BIO_VRTN
              ________      ________      ________      ________      ________
 ID             1.000
 ECO            1.000         1.000
 BIO_PN         1.000         1.000         1.000
 BIO_IPI        1.000         1.000         1.000         1.000
 BIO_VRTN       1.000         1.000         1.000         1.000         1.000



UNIVARIATE SAMPLE STATISTICS


     UNIVARIATE HIGHER-ORDER MOMENT DESCRIPTIVE STATISTICS

         Variable/         Mean/     Skewness/   Minimum/ % with                Percentiles
        Sample Size      Variance    Kurtosis    Maximum  Min/Max      20%/60%    40%/80%    Median

     ID                  294.186       0.021       1.000    0.17%     116.000    234.000    292.500
             582.000   29201.780      -1.195     593.000    0.17%     351.000    472.000
     ECO                   5.400      -0.448       1.750    0.17%       4.500      5.250      5.500
             582.000       1.095      -0.034       7.000   10.14%       5.750      6.250
     BIO_PN                3.418      -0.392       1.000    0.34%       2.667      3.333      3.667
             582.000       0.682      -0.281       5.000    3.61%       3.667      4.000
     BIO_IPI               3.726      -0.608       1.250    0.52%       3.000      3.750      3.750
             582.000       0.667       0.110       5.000    7.73%       4.000      4.500
     BIO_VRTN              3.406      -0.517       1.000    0.86%       2.500      3.250      3.500
             582.000       0.789      -0.284       5.000    3.26%       3.750      4.000

RANDOM STARTS RESULTS RANKED FROM THE BEST TO THE WORST LOGLIKELIHOOD VALUES

Final stage loglikelihood values at local maxima, seeds, and initial stage start numbers:

           -6306.320  741888           138
           -6306.320  224950           455
           -6306.320  605565           404
           -6306.320  436460           89
           -6306.320  963053           43
           -6306.320  648555           113
           -6306.320  217130           443
           -6306.320  195763           358
           -6306.320  297518           166
           -6306.320  749635           420
           -6306.320  534483           290
           -6306.320  794236           127
           -6306.320  618760           489
           -6306.320  655497           376
           -6306.320  652266           490
           -6306.320  405079           68
           -6306.320  136842           58
           -6306.320  342019           301
           -6306.320  608460           244
           -6306.320  888905           444
           -6306.320  478421           311
           -6306.320  12477            155
           -6306.320  329127           185
           -6306.320  57226            208
           -6306.320  985387           381
           -6306.320  23012            352
           -6306.320  49221            254
           -6306.320  972430           491
           -6306.320  635245           121
           -6306.320  55115            408
           -6306.320  211281           292
           -6306.320  347515           24
           -6306.320  686482           215
           -6306.320  565819           65
           -6306.320  352277           42
           -6306.320  46437            153
           -6306.320  260601           36
           -6306.320  931874           141
           -6306.320  930872           277
           -6306.320  371246           101
           -6306.320  761633           50
           -6306.320  891531           206
           -6306.320  443442           380
           -6306.320  922596           456
           -6306.320  973369           202
           -6306.320  621542           375
           -6306.320  857799           315
           -6306.320  848331           137
           -6306.320  507154           387
           -6306.320  373505           88

50 perturbed starting value run(s) did not converge or were rejected in the third stage.



THE BEST LOGLIKELIHOOD VALUE HAS BEEN REPLICATED.  RERUN WITH AT LEAST TWICE THE
RANDOM STARTS TO CHECK THAT THE BEST LOGLIKELIHOOD IS STILL OBTAINED AND REPLICATED.


THE MODEL ESTIMATION TERMINATED NORMALLY



MODEL FIT INFORMATION

Number of Free Parameters                       34

Loglikelihood

          H0 Value                       -6306.320
          H0 Scaling Correction Factor      1.3073
            for MLR

Information Criteria

          Akaike (AIC)                   12680.641
          Bayesian (BIC)                 12829.101
          Sample-Size Adjusted BIC       12721.164
            (n* = (n + 2) / 24)



FINAL CLASS COUNTS AND PROPORTIONS FOR THE LATENT CLASSES
BASED ON THE ESTIMATED MODEL

    Latent
   Classes

       1         72.58977          0.12472
       2         99.73576          0.17137
       3         73.21003          0.12579
       4        265.63410          0.45642
       5         70.83035          0.12170


FINAL CLASS COUNTS AND PROPORTIONS FOR THE LATENT CLASSES
BASED ON ESTIMATED POSTERIOR PROBABILITIES

    Latent
   Classes

       1         72.58977          0.12472
       2         99.73576          0.17137
       3         73.21003          0.12579
       4        265.63410          0.45642
       5         70.83035          0.12170


FINAL CLASS COUNTS AND PROPORTIONS FOR THE LATENT CLASSES
BASED ON THEIR MOST LIKELY LATENT CLASS MEMBERSHIP

Class Counts and Proportions

    Latent
   Classes

       1               72          0.12371
       2               93          0.15979
       3               75          0.12887
       4              272          0.46735
       5               70          0.12027


CLASSIFICATION QUALITY

     Entropy                         0.801


Average Latent Class Probabilities for Most Likely Latent Class Membership (Row)
by Latent Class (Column)

           1        2        3        4        5

    1   0.811    0.053    0.000    0.135    0.000
    2   0.025    0.856    0.037    0.082    0.000
    3   0.002    0.068    0.930    0.000    0.000
    4   0.043    0.041    0.000    0.877    0.039
    5   0.002    0.000    0.000    0.139    0.859


Classification Probabilities for the Most Likely Latent Class Membership (Column)
by Latent Class (Row)

           1        2        3        4        5

    1   0.805    0.032    0.002    0.160    0.002
    2   0.039    0.798    0.051    0.112    0.000
    3   0.000    0.047    0.953    0.000    0.000
    4   0.037    0.029    0.000    0.898    0.037
    5   0.000    0.000    0.000    0.151    0.849


Logits for the Classification Probabilities for the Most Likely Latent Class Membership (Column)
by Latent Class (Row)

              1        2        3        4        5

    1      5.854    2.614   -0.350    4.238    0.000
    2     10.560   13.590   10.848   11.623    0.000
    3      3.928   10.762   13.767    0.407    0.000
    4      0.002   -0.240  -10.505    3.203    0.000
    5     -7.684  -12.471  -13.652   -1.729    0.000


MODEL RESULTS

                                                    Two-Tailed
                    Estimate       S.E.  Est./S.E.    P-Value

Latent Class 1

 Means
    ID               340.606     17.871     19.059      0.000
    ECO                4.283      0.152     28.186      0.000
    BIO_PN             2.719      0.115     23.621      0.000
    BIO_IPI            4.166      0.101     41.406      0.000
    BIO_VRTN           3.469      0.127     27.295      0.000

 Variances
    ID             27136.656   1452.113     18.688      0.000
    ECO                0.858      0.061     14.157      0.000
    BIO_PN             0.214      0.034      6.250      0.000
    BIO_IPI            0.205      0.023      8.799      0.000
    BIO_VRTN           0.186      0.025      7.571      0.000

Latent Class 2

 Means
    ID               217.130     34.198      6.349      0.000
    ECO                5.758      0.117     49.181      0.000
    BIO_PN             3.159      0.245     12.889      0.000
    BIO_IPI            3.215      0.187     17.154      0.000
    BIO_VRTN           2.738      0.234     11.700      0.000

 Variances
    ID             27136.656   1452.113     18.688      0.000
    ECO                0.858      0.061     14.157      0.000
    BIO_PN             0.214      0.034      6.250      0.000
    BIO_IPI            0.205      0.023      8.799      0.000
    BIO_VRTN           0.186      0.025      7.571      0.000

Latent Class 3

 Means
    ID               237.663     30.401      7.818      0.000
    ECO                5.098      0.192     26.600      0.000
    BIO_PN             2.127      0.165     12.892      0.000
    BIO_IPI            2.277      0.118     19.362      0.000
    BIO_VRTN           1.854      0.098     18.852      0.000

 Variances
    ID             27136.656   1452.113     18.688      0.000
    ECO                0.858      0.061     14.157      0.000
    BIO_PN             0.214      0.034      6.250      0.000
    BIO_IPI            0.205      0.023      8.799      0.000
    BIO_VRTN           0.186      0.025      7.571      0.000

Latent Class 4

 Means
    ID               321.666     18.892     17.027      0.000
    ECO                5.494      0.097     56.496      0.000
    BIO_PN             3.795      0.044     86.908      0.000
    BIO_IPI            3.948      0.105     37.496      0.000
    BIO_VRTN           3.754      0.103     36.491      0.000

 Variances
    ID             27136.656   1452.113     18.688      0.000
    ECO                0.858      0.061     14.157      0.000
    BIO_PN             0.214      0.034      6.250      0.000
    BIO_IPI            0.205      0.023      8.799      0.000
    BIO_VRTN           0.186      0.025      7.571      0.000

Latent Class 5

 Means
    ID               310.474     22.444     13.833      0.000
    ECO                6.004      0.260     23.080      0.000
    BIO_PN             4.416      0.136     32.409      0.000
    BIO_IPI            4.659      0.070     66.273      0.000
    BIO_VRTN           4.579      0.100     45.606      0.000

 Variances
    ID             27136.656   1452.113     18.688      0.000
    ECO                0.858      0.061     14.157      0.000
    BIO_PN             0.214      0.034      6.250      0.000
    BIO_IPI            0.205      0.023      8.799      0.000
    BIO_VRTN           0.186      0.025      7.571      0.000

Categorical Latent Variables

 Means
    C#1                0.025      0.291      0.084      0.933
    C#2                0.342      0.409      0.837      0.403
    C#3                0.033      0.456      0.073      0.942
    C#4                1.322      0.305      4.338      0.000


QUALITY OF NUMERICAL RESULTS

     Condition Number for the Information Matrix              0.992E-03
       (ratio of smallest to largest eigenvalue)


TECHNICAL 11 OUTPUT

     Random Starts Specifications for the k-1 Class Analysis Model
        Number of initial stage random starts                 500
        Number of final stage optimizations                   100



     VUONG-LO-MENDELL-RUBIN LIKELIHOOD RATIO TEST FOR 4 (H0) VERSUS 5 CLASSES

          H0 Loglikelihood Value                        -6349.221
          2 Times the Loglikelihood Difference             85.800
          Difference in the Number of Parameters                6
          Mean                                             73.482
          Standard Deviation                               91.188
          P-Value                                          0.2926

     LO-MENDELL-RUBIN ADJUSTED LRT TEST

          Value                                            83.611
          P-Value                                          0.3007


TECHNICAL 14 OUTPUT

     Random Starts Specifications for the k-1 Class Analysis Model
        Number of initial stage random starts                 500
        Number of final stage optimizations                   100

     Random Starts Specification for the k-1 Class Model for Generated Data
        Number of initial stage random starts                   0
        Number of final stage optimizations for the
           initial stage random starts                          0
     Random Starts Specification for the k Class Model for Generated Data
        Number of initial stage random starts                  40
        Number of final stage optimizations                     8
     Number of bootstrap draws requested                   Varies


     PARAMETRIC BOOTSTRAPPED LIKELIHOOD RATIO TEST FOR 4 (H0) VERSUS 5 CLASSES

          H0 Loglikelihood Value                        -6349.221
          2 Times the Loglikelihood Difference             85.800
          Difference in the Number of Parameters                6
          Approximate P-Value                              0.0000
          Successful Bootstrap Draws                            5


PLOT INFORMATION

The following plots are available:

  Histograms (sample values)
  Scatterplots (sample values)
  Sample means
  Estimated means, medians, modes, and percentiles
  Sample and estimated means
  Observed individual values
  Estimated means and observed individual values
  Estimated overall and class-specific distributions

SAVEDATA INFORMATION


  Save file
    lca_5.txt

  Order of variables

    ID
    ECO
    BIO_PN
    BIO_IPI
    BIO_VRTN
    CPROB1
    CPROB2
    CPROB3
    CPROB4
    CPROB5
    C

  Save file format           Free

  Save file record length    10000

  Save missing symbol        *


     Beginning Time:  16:45:00
        Ending Time:  16:45:47
       Elapsed Time:  00:00:47



MUTHEN & MUTHEN
3463 Stoner Ave.
Los Angeles, CA  90066

Tel: (310) 391-9971
Fax: (310) 391-8971
Web: www.StatModel.com
Support: Support@StatModel.com

Copyright (c) 1998-2021 Muthen & Muthen
