Mplus VERSION 8.6
MUTHEN & MUTHEN
11/27/2025   4:48 PM

INPUT INSTRUCTIONS

  TITLE:
  Latent Class Analysis Mean Scales c=3
  DATA:
  FILE = "lca_means2_5009765438d2353f6e6644b81df5f1f9.dat";

  VARIABLE:
  NAMES = Eco Bio_PN Bio_IPI Bio_VRtN;
   MISSING=.;

    usevariables = Eco Bio_PN Bio_IPI Bio_VRtN;

    classes      = c(3)
  ANALYSIS:

      Type=mixture; ! LCA analysis
      STARTS= 500 100;
      !LRTstarts=0 0 300 20;

  OUTPUT:
  tech11 tech14;
  SAVEDATA:
  file = lca_3.txt ;
      save = cprob;
      format = free;

  PLOT:

      type = plot3;
      series is Eco(1) Bio_PN(2) Bio_IPI(3) Bio_VRtN(4);




*** WARNING in MODEL command
  All variables are uncorrelated with all other variables within class.
  Check that this is what is intended.
   1 WARNING(S) FOUND IN THE INPUT INSTRUCTIONS




Latent Class Analysis Mean Scales c=3

SUMMARY OF ANALYSIS

Number of groups                                                 1
Number of observations                                         582

Number of dependent variables                                    4
Number of independent variables                                  0
Number of continuous latent variables                            0
Number of categorical latent variables                           1

Observed dependent variables

  Continuous
   ECO         BIO_PN      BIO_IPI     BIO_VRTN

Categorical latent variables
   C


Estimator                                                      MLR
Information matrix                                        OBSERVED
Optimization Specifications for the Quasi-Newton Algorithm for
Continuous Outcomes
  Maximum number of iterations                                 100
  Convergence criterion                                  0.100D-05
Optimization Specifications for the EM Algorithm
  Maximum number of iterations                                 500
  Convergence criteria
    Loglikelihood change                                 0.100D-06
    Relative loglikelihood change                        0.100D-06
    Derivative                                           0.100D-05
Optimization Specifications for the M step of the EM Algorithm for
Categorical Latent variables
  Number of M step iterations                                    1
  M step convergence criterion                           0.100D-05
  Basis for M step termination                           ITERATION
Optimization Specifications for the M step of the EM Algorithm for
Censored, Binary or Ordered Categorical (Ordinal), Unordered
Categorical (Nominal) and Count Outcomes
  Number of M step iterations                                    1
  M step convergence criterion                           0.100D-05
  Basis for M step termination                           ITERATION
  Maximum value for logit thresholds                            15
  Minimum value for logit thresholds                           -15
  Minimum expected cell size for chi-square              0.100D-01
Maximum number of iterations for H1                           2000
Convergence criterion for H1                             0.100D-03
Optimization algorithm                                         EMA
Random Starts Specifications
  Number of initial stage random starts                        500
  Number of final stage optimizations                          100
  Number of initial stage iterations                            10
  Initial stage convergence criterion                    0.100D+01
  Random starts scale                                    0.500D+01
  Random seed for generating random starts                       0

Input data file(s)
  lca_means2_5009765438d2353f6e6644b81df5f1f9.dat
Input data format  FREE


SUMMARY OF DATA

     Number of missing data patterns             1
     Number of y missing data patterns           1
     Number of u missing data patterns           0


COVARIANCE COVERAGE OF DATA

Minimum covariance coverage value   0.100


     PROPORTION OF DATA PRESENT FOR Y


           Covariance Coverage
              ECO           BIO_PN        BIO_IPI       BIO_VRTN
              ________      ________      ________      ________
 ECO            1.000
 BIO_PN         1.000         1.000
 BIO_IPI        1.000         1.000         1.000
 BIO_VRTN       1.000         1.000         1.000         1.000



UNIVARIATE SAMPLE STATISTICS


     UNIVARIATE HIGHER-ORDER MOMENT DESCRIPTIVE STATISTICS

         Variable/         Mean/     Skewness/   Minimum/ % with                Percentiles
        Sample Size      Variance    Kurtosis    Maximum  Min/Max      20%/60%    40%/80%    Median

     ECO                   5.400      -0.448       1.750    0.17%       4.500      5.250      5.500
             582.000       1.095      -0.034       7.000   10.14%       5.750      6.250
     BIO_PN                3.418      -0.392       1.000    0.34%       2.667      3.333      3.667
             582.000       0.682      -0.281       5.000    3.61%       3.667      4.000
     BIO_IPI               3.726      -0.608       1.250    0.52%       3.000      3.750      3.750
             582.000       0.667       0.110       5.000    7.73%       4.000      4.500
     BIO_VRTN              3.406      -0.517       1.000    0.86%       2.500      3.250      3.500
             582.000       0.789      -0.284       5.000    3.26%       3.750      4.000

RANDOM STARTS RESULTS RANKED FROM THE BEST TO THE WORST LOGLIKELIHOOD VALUES

Final stage loglikelihood values at local maxima, seeds, and initial stage start numbers:

           -2601.118  467339           66
           -2601.118  252949           487
           -2601.118  567165           319
           -2601.118  830529           279
           -2601.118  788796           145
           -2601.118  802682           419
           -2601.118  68850            462
           -2601.118  484687           306
           -2601.118  714455           476
           -2601.118  354208           196
           -2601.118  829540           324
           -2601.118  797594           234
           -2601.118  529496           343
           -2601.118  51375            148
           -2601.118  580405           286
           -2601.118  830570           369
           -2601.118  471040           403
           -2601.118  722748           346
           -2601.118  373505           88
           -2601.118  534483           290
           -2601.118  521575           313
           -2601.118  335485           496
           -2601.118  937885           426
           -2601.118  281462           285
           -2601.118  193569           440
           -2601.118  70118            104
           -2601.118  321390           133
           -2601.118  23012            352
           -2601.118  857799           315
           -2601.118  342019           301
           -2601.118  597614           284
           -2601.118  391949           295
           -2601.118  414284           158
           -2601.118  175199           247
           -2601.118  988761           475
           -2601.118  534864           307
           -2601.118  616917           261
           -2601.118  608496           4
           -2601.118  926797           406
           -2601.118  437181           135
           -2601.118  891531           206
           -2601.118  120506           45
           -2601.118  569131           26
           -2601.118  652266           490
           -2601.118  922042           492
           -2601.118  131856           90
           -2601.118  311214           64
           -2601.118  105435           265
           -2601.118  286735           175
           -2601.118  888905           444
           -2601.118  971693           470
           -2601.118  761633           50
           -2601.118  268217           83
           -2601.118  617243           237
           -2601.118  354559           73
           -2601.118  484406           421
           -2601.118  303634           169
           -2601.118  637095           207
           -2601.118  872743           374
           -2601.118  471438           252
           -2601.118  804561           59
           -2601.118  395754           388
           -2601.118  802256           477
           -2601.118  762461           425
           -2601.118  374219           353
           -2601.118  246575           291
           -2601.118  485256           371
           -2601.118  140442           500
           -2601.118  425982           485
           -2601.118  215353           164
           -2601.118  582296           452
           -2601.118  605358           321
           -2601.118  563002           360
           -2601.118  488125           368
           -2601.118  281558           184
           -2601.118  415502           194
           -2601.118  408713           450
           -2601.118  173440           328
           -2601.118  112586           494
           -2601.118  21132            351
           -2601.118  836515           341
           -2601.118  399671           13
           -2601.118  283492           435
           -2601.118  404510           442
           -2601.118  46437            153
           -2601.118  791396           243
           -2601.118  741484           441
           -2601.118  unperturbed      0
           -2601.118  354395           486
           -2601.118  53621            483
           -2601.118  802779           122
           -2601.118  350608           334
           -2601.118  1548             384
           -2601.118  377504           294
           -2601.118  349360           464

5 perturbed starting value run(s) did not converge or were rejected in the third stage.



THE BEST LOGLIKELIHOOD VALUE HAS BEEN REPLICATED.  RERUN WITH AT LEAST TWICE THE
RANDOM STARTS TO CHECK THAT THE BEST LOGLIKELIHOOD IS STILL OBTAINED AND REPLICATED.


THE MODEL ESTIMATION TERMINATED NORMALLY



MODEL FIT INFORMATION

Number of Free Parameters                       18

Loglikelihood

          H0 Value                       -2601.118
          H0 Scaling Correction Factor      1.2831
            for MLR

Information Criteria

          Akaike (AIC)                    5238.237
          Bayesian (BIC)                  5316.833
          Sample-Size Adjusted BIC        5259.690
            (n* = (n + 2) / 24)



FINAL CLASS COUNTS AND PROPORTIONS FOR THE LATENT CLASSES
BASED ON THE ESTIMATED MODEL

    Latent
   Classes

       1        102.45746          0.17604
       2        323.22070          0.55536
       3        156.32183          0.26859


FINAL CLASS COUNTS AND PROPORTIONS FOR THE LATENT CLASSES
BASED ON ESTIMATED POSTERIOR PROBABILITIES

    Latent
   Classes

       1        102.45746          0.17604
       2        323.22070          0.55536
       3        156.32183          0.26859


FINAL CLASS COUNTS AND PROPORTIONS FOR THE LATENT CLASSES
BASED ON THEIR MOST LIKELY LATENT CLASS MEMBERSHIP

Class Counts and Proportions

    Latent
   Classes

       1              102          0.17526
       2              329          0.56529
       3              151          0.25945


CLASSIFICATION QUALITY

     Entropy                         0.777


Average Latent Class Probabilities for Most Likely Latent Class Membership (Row)
by Latent Class (Column)

           1        2        3

    1   0.960    0.040    0.000
    2   0.014    0.898    0.088
    3   0.000    0.157    0.843


Classification Probabilities for the Most Likely Latent Class Membership (Column)
by Latent Class (Row)

           1        2        3

    1   0.955    0.045    0.000
    2   0.013    0.914    0.073
    3   0.000    0.186    0.814


Logits for the Classification Probabilities for the Most Likely Latent Class Membership (Column)
by Latent Class (Row)

              1        2        3

    1     13.770   10.707    0.000
    2     -1.750    2.522    0.000
    3    -13.610   -1.478    0.000


MODEL RESULTS

                                                    Two-Tailed
                    Estimate       S.E.  Est./S.E.    P-Value

Latent Class 1

 Means
    ECO                5.287      0.123     42.909      0.000
    BIO_PN             2.345      0.083     28.371      0.000
    BIO_IPI            2.456      0.093     26.283      0.000
    BIO_VRTN           1.986      0.066     30.284      0.000

 Variances
    ECO                1.061      0.064     16.500      0.000
    BIO_PN             0.340      0.022     15.197      0.000
    BIO_IPI            0.247      0.024     10.291      0.000
    BIO_VRTN           0.228      0.017     13.681      0.000

Latent Class 2

 Means
    ECO                5.289      0.067     78.611      0.000
    BIO_PN             3.409      0.085     40.163      0.000
    BIO_IPI            3.787      0.090     42.092      0.000
    BIO_VRTN           3.433      0.119     28.889      0.000

 Variances
    ECO                1.061      0.064     16.500      0.000
    BIO_PN             0.340      0.022     15.197      0.000
    BIO_IPI            0.247      0.024     10.291      0.000
    BIO_VRTN           0.228      0.017     13.681      0.000

Latent Class 3

 Means
    ECO                5.705      0.201     28.344      0.000
    BIO_PN             4.138      0.164     25.227      0.000
    BIO_IPI            4.431      0.118     37.698      0.000
    BIO_VRTN           4.281      0.150     28.607      0.000

 Variances
    ECO                1.061      0.064     16.500      0.000
    BIO_PN             0.340      0.022     15.197      0.000
    BIO_IPI            0.247      0.024     10.291      0.000
    BIO_VRTN           0.228      0.017     13.681      0.000

Categorical Latent Variables

 Means
    C#1               -0.422      0.460     -0.918      0.358
    C#2                0.726      0.551      1.319      0.187


QUALITY OF NUMERICAL RESULTS

     Condition Number for the Information Matrix              0.200E-02
       (ratio of smallest to largest eigenvalue)


TECHNICAL 11 OUTPUT

     Random Starts Specifications for the k-1 Class Analysis Model
        Number of initial stage random starts                 500
        Number of final stage optimizations                   100



     VUONG-LO-MENDELL-RUBIN LIKELIHOOD RATIO TEST FOR 2 (H0) VERSUS 3 CLASSES

          H0 Loglikelihood Value                        -2699.529
          2 Times the Loglikelihood Difference            196.822
          Difference in the Number of Parameters                5
          Mean                                             33.263
          Standard Deviation                               49.557
          P-Value                                          0.0159

     LO-MENDELL-RUBIN ADJUSTED LRT TEST

          Value                                           190.827
          P-Value                                          0.0176


TECHNICAL 14 OUTPUT

     Random Starts Specifications for the k-1 Class Analysis Model
        Number of initial stage random starts                 500
        Number of final stage optimizations                   100

     Random Starts Specification for the k-1 Class Model for Generated Data
        Number of initial stage random starts                   0
        Number of final stage optimizations for the
           initial stage random starts                          0
     Random Starts Specification for the k Class Model for Generated Data
        Number of initial stage random starts                  40
        Number of final stage optimizations                     8
     Number of bootstrap draws requested                   Varies


     PARAMETRIC BOOTSTRAPPED LIKELIHOOD RATIO TEST FOR 2 (H0) VERSUS 3 CLASSES

          H0 Loglikelihood Value                        -2699.529
          2 Times the Loglikelihood Difference            196.822
          Difference in the Number of Parameters                5
          Approximate P-Value                              0.0000
          Successful Bootstrap Draws                            5


PLOT INFORMATION

The following plots are available:

  Histograms (sample values)
  Scatterplots (sample values)
  Sample means
  Estimated means, medians, modes, and percentiles
  Sample and estimated means
  Observed individual values
  Estimated means and observed individual values
  Estimated overall and class-specific distributions

SAVEDATA INFORMATION


  Save file
    lca_3.txt

  Order of variables

    ECO
    BIO_PN
    BIO_IPI
    BIO_VRTN
    CPROB1
    CPROB2
    CPROB3
    C

  Save file format           Free

  Save file record length    10000

  Save missing symbol        *


     Beginning Time:  16:48:44
        Ending Time:  16:49:05
       Elapsed Time:  00:00:21



MUTHEN & MUTHEN
3463 Stoner Ave.
Los Angeles, CA  90066

Tel: (310) 391-9971
Fax: (310) 391-8971
Web: www.StatModel.com
Support: Support@StatModel.com

Copyright (c) 1998-2021 Muthen & Muthen
