Mplus VERSION 8.6
MUTHEN & MUTHEN
11/27/2025   4:48 PM

INPUT INSTRUCTIONS

  TITLE:
  Latent Class Analysis Mean Scales c=2
  DATA:
  FILE = "lca_means2_5009765438d2353f6e6644b81df5f1f9.dat";

  VARIABLE:
  NAMES = Eco Bio_PN Bio_IPI Bio_VRtN;
   MISSING=.;

    usevariables = Eco Bio_PN Bio_IPI Bio_VRtN;

    classes      = c(2)
  ANALYSIS:

      Type=mixture; ! LCA analysis
      STARTS= 500 100;
      !LRTstarts=0 0 300 20;

  OUTPUT:
  tech11 tech14;
  SAVEDATA:
  file = lca_2.txt ;
      save = cprob;
      format = free;

  PLOT:

      type = plot3;
      series is Eco(1) Bio_PN(2) Bio_IPI(3) Bio_VRtN(4);




*** WARNING in MODEL command
  All variables are uncorrelated with all other variables within class.
  Check that this is what is intended.
   1 WARNING(S) FOUND IN THE INPUT INSTRUCTIONS




Latent Class Analysis Mean Scales c=2

SUMMARY OF ANALYSIS

Number of groups                                                 1
Number of observations                                         582

Number of dependent variables                                    4
Number of independent variables                                  0
Number of continuous latent variables                            0
Number of categorical latent variables                           1

Observed dependent variables

  Continuous
   ECO         BIO_PN      BIO_IPI     BIO_VRTN

Categorical latent variables
   C


Estimator                                                      MLR
Information matrix                                        OBSERVED
Optimization Specifications for the Quasi-Newton Algorithm for
Continuous Outcomes
  Maximum number of iterations                                 100
  Convergence criterion                                  0.100D-05
Optimization Specifications for the EM Algorithm
  Maximum number of iterations                                 500
  Convergence criteria
    Loglikelihood change                                 0.100D-06
    Relative loglikelihood change                        0.100D-06
    Derivative                                           0.100D-05
Optimization Specifications for the M step of the EM Algorithm for
Categorical Latent variables
  Number of M step iterations                                    1
  M step convergence criterion                           0.100D-05
  Basis for M step termination                           ITERATION
Optimization Specifications for the M step of the EM Algorithm for
Censored, Binary or Ordered Categorical (Ordinal), Unordered
Categorical (Nominal) and Count Outcomes
  Number of M step iterations                                    1
  M step convergence criterion                           0.100D-05
  Basis for M step termination                           ITERATION
  Maximum value for logit thresholds                            15
  Minimum value for logit thresholds                           -15
  Minimum expected cell size for chi-square              0.100D-01
Maximum number of iterations for H1                           2000
Convergence criterion for H1                             0.100D-03
Optimization algorithm                                         EMA
Random Starts Specifications
  Number of initial stage random starts                        500
  Number of final stage optimizations                          100
  Number of initial stage iterations                            10
  Initial stage convergence criterion                    0.100D+01
  Random starts scale                                    0.500D+01
  Random seed for generating random starts                       0

Input data file(s)
  lca_means2_5009765438d2353f6e6644b81df5f1f9.dat
Input data format  FREE


SUMMARY OF DATA

     Number of missing data patterns             1
     Number of y missing data patterns           1
     Number of u missing data patterns           0


COVARIANCE COVERAGE OF DATA

Minimum covariance coverage value   0.100


     PROPORTION OF DATA PRESENT FOR Y


           Covariance Coverage
              ECO           BIO_PN        BIO_IPI       BIO_VRTN
              ________      ________      ________      ________
 ECO            1.000
 BIO_PN         1.000         1.000
 BIO_IPI        1.000         1.000         1.000
 BIO_VRTN       1.000         1.000         1.000         1.000



UNIVARIATE SAMPLE STATISTICS


     UNIVARIATE HIGHER-ORDER MOMENT DESCRIPTIVE STATISTICS

         Variable/         Mean/     Skewness/   Minimum/ % with                Percentiles
        Sample Size      Variance    Kurtosis    Maximum  Min/Max      20%/60%    40%/80%    Median

     ECO                   5.400      -0.448       1.750    0.17%       4.500      5.250      5.500
             582.000       1.095      -0.034       7.000   10.14%       5.750      6.250
     BIO_PN                3.418      -0.392       1.000    0.34%       2.667      3.333      3.667
             582.000       0.682      -0.281       5.000    3.61%       3.667      4.000
     BIO_IPI               3.726      -0.608       1.250    0.52%       3.000      3.750      3.750
             582.000       0.667       0.110       5.000    7.73%       4.000      4.500
     BIO_VRTN              3.406      -0.517       1.000    0.86%       2.500      3.250      3.500
             582.000       0.789      -0.284       5.000    3.26%       3.750      4.000

RANDOM STARTS RESULTS RANKED FROM THE BEST TO THE WORST LOGLIKELIHOOD VALUES

Final stage loglikelihood values at local maxima, seeds, and initial stage start numbers:

           -2699.529  34346            330
           -2699.529  298275           418
           -2699.529  345726           461
           -2699.529  462228           298
           -2699.529  701525           239
           -2699.529  387701           275
           -2699.529  526324           178
           -2699.529  790059           469
           -2699.529  926797           406
           -2699.529  456213           160
           -2699.529  804561           59
           -2699.529  341041           34
           -2699.529  374219           353
           -2699.529  849670           347
           -2699.529  246575           291
           -2699.529  848890           95
           -2699.529  655497           376
           -2699.529  458181           189
           -2699.529  132336           362
           -2699.529  971693           470
           -2699.529  988761           475
           -2699.529  587946           120
           -2699.529  726035           191
           -2699.529  124999           96
           -2699.529  284109           82
           -2699.529  860102           495
           -2699.529  347515           24
           -2699.529  301180           236
           -2699.529  992389           77
           -2699.529  521575           313
           -2699.529  297518           166
           -2699.529  751054           117
           -2699.529  507154           387
           -2699.529  609185           181
           -2699.529  567165           319
           -2699.529  579995           183
           -2699.529  375590           438
           -2699.529  637095           207
           -2699.529  616917           261
           -2699.529  723775           97
           -2699.529  22362            365
           -2699.529  732596           320
           -2699.529  437181           135
           -2699.529  405079           68
           -2699.529  314084           81
           -2699.529  965639           463
           -2699.529  692169           308
           -2699.529  68985            17
           -2699.529  913639           162
           -2699.529  821011           161
           -2699.529  202790           198
           -2699.529  481835           57
           -2699.529  216565           474
           -2699.529  383986           159
           -2699.529  215353           164
           -2699.529  168762           200
           -2699.529  787985           482
           -2699.529  576220           115
           -2699.529  717754           180
           -2699.529  206099           363
           -2699.529  534483           290
           -2699.529  898745           466
           -2699.529  416463           467
           -2699.529  471040           403
           -2699.529  829540           324
           -2699.529  840031           276
           -2699.529  314757           345
           -2699.529  937225           394
           -2699.529  790452           303
           -2699.529  278692           342
           -2699.529  303634           169
           -2699.529  918558           412
           -2699.529  597614           284
           -2699.529  396795           323
           -2699.529  930323           267
           -2699.529  568405           233
           -2699.529  791396           243
           -2699.529  783165           170
           -2699.529  441191           361
           -2699.529  207896           25
           -2699.529  247224           94
           -2699.529  415502           194
           -2699.529  345070           114
           -2699.529  342019           301
           -2699.529  987090           70
           -2699.529  55115            408
           -2699.529  830570           369
           -2699.529  17359            227
           -2699.529  688839           273
           -2699.529  640833           434
           -2699.529  570782           193
           -2699.529  81117            305
           -2699.529  915107           54
           -2699.529  195353           225
           -2699.529  483369           270
           -2699.529  335485           496
           -2699.529  605161           409
           -2699.529  580405           286
           -2699.529  146900           391
           -2699.529  478421           311



THE BEST LOGLIKELIHOOD VALUE HAS BEEN REPLICATED.  RERUN WITH AT LEAST TWICE THE
RANDOM STARTS TO CHECK THAT THE BEST LOGLIKELIHOOD IS STILL OBTAINED AND REPLICATED.


THE MODEL ESTIMATION TERMINATED NORMALLY



MODEL FIT INFORMATION

Number of Free Parameters                       13

Loglikelihood

          H0 Value                       -2699.529
          H0 Scaling Correction Factor      1.1057
            for MLR

Information Criteria

          Akaike (AIC)                    5425.059
          Bayesian (BIC)                  5481.823
          Sample-Size Adjusted BIC        5440.553
            (n* = (n + 2) / 24)



FINAL CLASS COUNTS AND PROPORTIONS FOR THE LATENT CLASSES
BASED ON THE ESTIMATED MODEL

    Latent
   Classes

       1        123.64958          0.21246
       2        458.35042          0.78754


FINAL CLASS COUNTS AND PROPORTIONS FOR THE LATENT CLASSES
BASED ON ESTIMATED POSTERIOR PROBABILITIES

    Latent
   Classes

       1        123.64958          0.21246
       2        458.35042          0.78754


FINAL CLASS COUNTS AND PROPORTIONS FOR THE LATENT CLASSES
BASED ON THEIR MOST LIKELY LATENT CLASS MEMBERSHIP

Class Counts and Proportions

    Latent
   Classes

       1              118          0.20275
       2              464          0.79725


CLASSIFICATION QUALITY

     Entropy                         0.898


Average Latent Class Probabilities for Most Likely Latent Class Membership (Row)
by Latent Class (Column)

           1        2

    1   0.950    0.050
    2   0.025    0.975


Classification Probabilities for the Most Likely Latent Class Membership (Column)
by Latent Class (Row)

           1        2

    1   0.907    0.093
    2   0.013    0.987


Logits for the Classification Probabilities for the Most Likely Latent Class Membership (Column)
by Latent Class (Row)

              1        2

    1      2.277    0.000
    2     -4.348    0.000


MODEL RESULTS

                                                    Two-Tailed
                    Estimate       S.E.  Est./S.E.    P-Value

Latent Class 1

 Means
    ECO                5.311      0.108     49.041      0.000
    BIO_PN             2.435      0.081     30.150      0.000
    BIO_IPI            2.604      0.110     23.685      0.000
    BIO_VRTN           2.116      0.082     25.708      0.000

 Variances
    ECO                1.093      0.063     17.321      0.000
    BIO_PN             0.422      0.029     14.541      0.000
    BIO_IPI            0.327      0.021     15.444      0.000
    BIO_VRTN           0.341      0.022     15.283      0.000

Latent Class 2

 Means
    ECO                5.425      0.049    110.429      0.000
    BIO_PN             3.682      0.039     94.769      0.000
    BIO_IPI            4.029      0.031    131.651      0.000
    BIO_VRTN           3.754      0.039     96.030      0.000

 Variances
    ECO                1.093      0.063     17.321      0.000
    BIO_PN             0.422      0.029     14.541      0.000
    BIO_IPI            0.327      0.021     15.444      0.000
    BIO_VRTN           0.341      0.022     15.283      0.000

Categorical Latent Variables

 Means
    C#1               -1.310      0.148     -8.857      0.000


QUALITY OF NUMERICAL RESULTS

     Condition Number for the Information Matrix              0.962E-02
       (ratio of smallest to largest eigenvalue)


TECHNICAL 11 OUTPUT

     Random Starts Specifications for the k-1 Class Analysis Model
        Number of initial stage random starts                 500
        Number of final stage optimizations                   100



     VUONG-LO-MENDELL-RUBIN LIKELIHOOD RATIO TEST FOR 1 (H0) VERSUS 2 CLASSES

          H0 Loglikelihood Value                        -3031.665
          2 Times the Loglikelihood Difference            664.271
          Difference in the Number of Parameters                5
          Mean                                             10.394
          Standard Deviation                               20.672
          P-Value                                          0.0000

     LO-MENDELL-RUBIN ADJUSTED LRT TEST

          Value                                           644.039
          P-Value                                          0.0000


TECHNICAL 14 OUTPUT

     Random Starts Specifications for the k-1 Class Analysis Model
        Number of initial stage random starts                 500
        Number of final stage optimizations                   100

     Random Starts Specification for the k-1 Class Model for Generated Data
        Number of initial stage random starts                   0
        Number of final stage optimizations for the
           initial stage random starts                          0
     Random Starts Specification for the k Class Model for Generated Data
        Number of initial stage random starts                  40
        Number of final stage optimizations                     8
     Number of bootstrap draws requested                   Varies


     PARAMETRIC BOOTSTRAPPED LIKELIHOOD RATIO TEST FOR 1 (H0) VERSUS 2 CLASSES

          H0 Loglikelihood Value                        -3031.665
          2 Times the Loglikelihood Difference            664.271
          Difference in the Number of Parameters                5
          Approximate P-Value                              0.0000
          Successful Bootstrap Draws                            5


PLOT INFORMATION

The following plots are available:

  Histograms (sample values)
  Scatterplots (sample values)
  Sample means
  Estimated means, medians, modes, and percentiles
  Sample and estimated means
  Observed individual values
  Estimated means and observed individual values
  Estimated overall and class-specific distributions

SAVEDATA INFORMATION


  Save file
    lca_2.txt

  Order of variables

    ECO
    BIO_PN
    BIO_IPI
    BIO_VRTN
    CPROB1
    CPROB2
    C

  Save file format           Free

  Save file record length    10000

  Save missing symbol        *


     Beginning Time:  16:48:38
        Ending Time:  16:48:43
       Elapsed Time:  00:00:05



MUTHEN & MUTHEN
3463 Stoner Ave.
Los Angeles, CA  90066

Tel: (310) 391-9971
Fax: (310) 391-8971
Web: www.StatModel.com
Support: Support@StatModel.com

Copyright (c) 1998-2021 Muthen & Muthen
