Mplus VERSION 8.6
MUTHEN & MUTHEN
11/27/2025   4:45 PM

INPUT INSTRUCTIONS

  TITLE:
  Latent Class Analysis Mean Scales c=6
  DATA:
  FILE = "lca_means2_be8fe3d5d211831b22e5c1c73febce2f.dat";

  VARIABLE:
  NAMES = ID Eco Bio_PN Bio_IPI Bio_VRtN;
   MISSING=.;

    usevariables = ID Eco Bio_PN Bio_IPI Bio_VRtN;

    classes      = c(6)
  ANALYSIS:

      Type=mixture; ! LCA analysis
      STARTS= 500 100;
      !LRTstarts=0 0 300 20;

  OUTPUT:
  tech11 tech14;
  SAVEDATA:
  file = lca_6.txt ;
      save = cprob;
      format = free;

  PLOT:

      type = plot3;
      series is Eco(1) Bio_PN(2) Bio_IPI(3) Bio_VRtN(4);




*** WARNING in MODEL command
  All variables are uncorrelated with all other variables within class.
  Check that this is what is intended.
   1 WARNING(S) FOUND IN THE INPUT INSTRUCTIONS




Latent Class Analysis Mean Scales c=6

SUMMARY OF ANALYSIS

Number of groups                                                 1
Number of observations                                         582

Number of dependent variables                                    5
Number of independent variables                                  0
Number of continuous latent variables                            0
Number of categorical latent variables                           1

Observed dependent variables

  Continuous
   ID          ECO         BIO_PN      BIO_IPI     BIO_VRTN

Categorical latent variables
   C


Estimator                                                      MLR
Information matrix                                        OBSERVED
Optimization Specifications for the Quasi-Newton Algorithm for
Continuous Outcomes
  Maximum number of iterations                                 100
  Convergence criterion                                  0.100D-05
Optimization Specifications for the EM Algorithm
  Maximum number of iterations                                 500
  Convergence criteria
    Loglikelihood change                                 0.100D-06
    Relative loglikelihood change                        0.100D-06
    Derivative                                           0.100D-05
Optimization Specifications for the M step of the EM Algorithm for
Categorical Latent variables
  Number of M step iterations                                    1
  M step convergence criterion                           0.100D-05
  Basis for M step termination                           ITERATION
Optimization Specifications for the M step of the EM Algorithm for
Censored, Binary or Ordered Categorical (Ordinal), Unordered
Categorical (Nominal) and Count Outcomes
  Number of M step iterations                                    1
  M step convergence criterion                           0.100D-05
  Basis for M step termination                           ITERATION
  Maximum value for logit thresholds                            15
  Minimum value for logit thresholds                           -15
  Minimum expected cell size for chi-square              0.100D-01
Maximum number of iterations for H1                           2000
Convergence criterion for H1                             0.100D-03
Optimization algorithm                                         EMA
Random Starts Specifications
  Number of initial stage random starts                        500
  Number of final stage optimizations                          100
  Number of initial stage iterations                            10
  Initial stage convergence criterion                    0.100D+01
  Random starts scale                                    0.500D+01
  Random seed for generating random starts                       0

Input data file(s)
  lca_means2_be8fe3d5d211831b22e5c1c73febce2f.dat
Input data format  FREE


SUMMARY OF DATA

     Number of missing data patterns             1
     Number of y missing data patterns           1
     Number of u missing data patterns           0


COVARIANCE COVERAGE OF DATA

Minimum covariance coverage value   0.100


     PROPORTION OF DATA PRESENT FOR Y


           Covariance Coverage
              ID            ECO           BIO_PN        BIO_IPI       BIO_VRTN
              ________      ________      ________      ________      ________
 ID             1.000
 ECO            1.000         1.000
 BIO_PN         1.000         1.000         1.000
 BIO_IPI        1.000         1.000         1.000         1.000
 BIO_VRTN       1.000         1.000         1.000         1.000         1.000



UNIVARIATE SAMPLE STATISTICS


     UNIVARIATE HIGHER-ORDER MOMENT DESCRIPTIVE STATISTICS

         Variable/         Mean/     Skewness/   Minimum/ % with                Percentiles
        Sample Size      Variance    Kurtosis    Maximum  Min/Max      20%/60%    40%/80%    Median

     ID                  294.186       0.021       1.000    0.17%     116.000    234.000    292.500
             582.000   29201.780      -1.195     593.000    0.17%     351.000    472.000
     ECO                   5.400      -0.448       1.750    0.17%       4.500      5.250      5.500
             582.000       1.095      -0.034       7.000   10.14%       5.750      6.250
     BIO_PN                3.418      -0.392       1.000    0.34%       2.667      3.333      3.667
             582.000       0.682      -0.281       5.000    3.61%       3.667      4.000
     BIO_IPI               3.726      -0.608       1.250    0.52%       3.000      3.750      3.750
             582.000       0.667       0.110       5.000    7.73%       4.000      4.500
     BIO_VRTN              3.406      -0.517       1.000    0.86%       2.500      3.250      3.500
             582.000       0.789      -0.284       5.000    3.26%       3.750      4.000

RANDOM STARTS RESULTS RANKED FROM THE BEST TO THE WORST LOGLIKELIHOOD VALUES

Final stage loglikelihood values at local maxima, seeds, and initial stage start numbers:

           -6280.028  484687           306
           -6280.028  422103           62
           -6280.028  59674            240
           -6280.028  440841           118
           -6280.028  314757           345
           -6280.028  723775           97
           -6280.028  848331           137
           -6280.028  496881           192
           -6280.028  137305           379
           -6280.028  948615           140
           -6280.028  456213           160
           -6280.028  871722           355
           -6280.028  741888           138
           -6280.028  635245           121
           -6280.028  206099           363
           -6280.028  621542           375
           -6280.028  751054           117
           -6280.028  485483           498
           -6280.028  292884           103
           -6280.028  475420           71
           -6280.028  226322           478
           -6280.028  298275           418
           -6280.028  195763           358
           -6280.028  783165           170
           -6280.028  576596           99
           -6280.028  40340            188
           -6280.028  507154           387
           -6280.028  282464           283
           -6280.028  545140           278
           -6280.028  637095           207
           -6280.028  392766           331
           -6280.028  789985           67
           -6280.028  432148           30
           -6282.638  342019           301
           -6282.638  939021           8
           -6282.638  618760           489
           -6282.638  105435           265
           -6282.638  43523            297
           -6282.638  232559           136
           -6282.638  192071           142
           -6282.638  971853           402
           -6282.638  81117            305
           -6282.638  93468            3
           -6282.638  569131           26
           -6282.638  562716           300
           -6282.638  762461           425
           -6282.638  840031           276
           -6282.638  220454           288
           -6282.638  539751           459
           -6282.638  416463           467
           -6282.638  366706           29
           -6282.638  436460           89
           -6304.461  830392           35
           -6304.461  888905           444
           -6304.943  383986           159

45 perturbed starting value run(s) did not converge or were rejected in the third stage.



THE BEST LOGLIKELIHOOD VALUE HAS BEEN REPLICATED.  RERUN WITH AT LEAST TWICE THE
RANDOM STARTS TO CHECK THAT THE BEST LOGLIKELIHOOD IS STILL OBTAINED AND REPLICATED.


THE MODEL ESTIMATION TERMINATED NORMALLY



MODEL FIT INFORMATION

Number of Free Parameters                       40

Loglikelihood

          H0 Value                       -6280.028
          H0 Scaling Correction Factor      1.2037
            for MLR

Information Criteria

          Akaike (AIC)                   12640.056
          Bayesian (BIC)                 12814.715
          Sample-Size Adjusted BIC       12687.730
            (n* = (n + 2) / 24)



FINAL CLASS COUNTS AND PROPORTIONS FOR THE LATENT CLASSES
BASED ON THE ESTIMATED MODEL

    Latent
   Classes

       1         28.96551          0.04977
       2         75.00603          0.12888
       3         73.89564          0.12697
       4        105.64858          0.18153
       5         60.98144          0.10478
       6        237.50280          0.40808


FINAL CLASS COUNTS AND PROPORTIONS FOR THE LATENT CLASSES
BASED ON ESTIMATED POSTERIOR PROBABILITIES

    Latent
   Classes

       1         28.96551          0.04977
       2         75.00603          0.12888
       3         73.89564          0.12697
       4        105.64858          0.18153
       5         60.98144          0.10478
       6        237.50280          0.40808


FINAL CLASS COUNTS AND PROPORTIONS FOR THE LATENT CLASSES
BASED ON THEIR MOST LIKELY LATENT CLASS MEMBERSHIP

Class Counts and Proportions

    Latent
   Classes

       1               29          0.04983
       2               77          0.13230
       3               72          0.12371
       4               99          0.17010
       5               58          0.09966
       6              247          0.42440


CLASSIFICATION QUALITY

     Entropy                         0.797


Average Latent Class Probabilities for Most Likely Latent Class Membership (Row)
by Latent Class (Column)

           1        2        3        4        5        6

    1   0.887    0.113    0.000    0.000    0.000    0.000
    2   0.042    0.880    0.011    0.067    0.000    0.000
    3   0.000    0.004    0.839    0.056    0.000    0.100
    4   0.000    0.037    0.037    0.813    0.000    0.112
    5   0.000    0.000    0.000    0.000    0.878    0.122
    6   0.000    0.000    0.036    0.064    0.041    0.859


Classification Probabilities for the Most Likely Latent Class Membership (Column)
by Latent Class (Row)

           1        2        3        4        5        6

    1   0.888    0.112    0.000    0.000    0.000    0.000
    2   0.044    0.903    0.004    0.049    0.000    0.000
    3   0.000    0.011    0.818    0.050    0.000    0.121
    4   0.000    0.049    0.038    0.762    0.000    0.150
    5   0.000    0.000    0.000    0.000    0.835    0.165
    6   0.000    0.000    0.030    0.047    0.030    0.893


Logits for the Classification Probabilities for the Most Likely Latent Class Membership (Column)
by Latent Class (Row)

              1        2        3        4        5        6

    1     13.697   11.627    0.000    1.095    0.000    0.000
    2      8.267   11.295    5.930    8.374   -2.419    0.000
    3    -11.702   -2.393    1.912   -0.878   -8.150    0.000
    4    -11.921   -1.121   -1.366    1.623   -8.311    0.000
    5    -12.014  -12.014   -8.116   -9.250    1.621    0.000
    6    -13.702  -10.389   -3.385   -2.950   -3.400    0.000


MODEL RESULTS

                                                    Two-Tailed
                    Estimate       S.E.  Est./S.E.    P-Value

Latent Class 1

 Means
    ID               230.309     53.781      4.282      0.000
    ECO                4.785      0.311     15.399      0.000
    BIO_PN             1.719      0.131     13.087      0.000
    BIO_IPI            1.935      0.179     10.786      0.000
    BIO_VRTN           1.597      0.147     10.883      0.000

 Variances
    ID             26606.275   1348.654     19.728      0.000
    ECO                0.851      0.068     12.471      0.000
    BIO_PN             0.195      0.025      7.898      0.000
    BIO_IPI            0.198      0.023      8.764      0.000
    BIO_VRTN           0.161      0.020      8.032      0.000

Latent Class 2

 Means
    ID               241.418     33.138      7.285      0.000
    ECO                5.468      0.254     21.571      0.000
    BIO_PN             2.577      0.137     18.806      0.000
    BIO_IPI            2.696      0.133     20.258      0.000
    BIO_VRTN           2.149      0.092     23.276      0.000

 Variances
    ID             26606.275   1348.654     19.728      0.000
    ECO                0.851      0.068     12.471      0.000
    BIO_PN             0.195      0.025      7.898      0.000
    BIO_IPI            0.198      0.023      8.764      0.000
    BIO_VRTN           0.161      0.020      8.032      0.000

Latent Class 3

 Means
    ID               341.941     17.828     19.180      0.000
    ECO                4.329      0.147     29.439      0.000
    BIO_PN             2.691      0.088     30.463      0.000
    BIO_IPI            4.125      0.098     41.941      0.000
    BIO_VRTN           3.430      0.109     31.512      0.000

 Variances
    ID             26606.275   1348.654     19.728      0.000
    ECO                0.851      0.068     12.471      0.000
    BIO_PN             0.195      0.025      7.898      0.000
    BIO_IPI            0.198      0.023      8.764      0.000
    BIO_VRTN           0.161      0.020      8.032      0.000

Latent Class 4

 Means
    ID               218.046     35.267      6.183      0.000
    ECO                5.762      0.115     49.920      0.000
    BIO_PN             3.470      0.146     23.756      0.000
    BIO_IPI            3.414      0.094     36.503      0.000
    BIO_VRTN           3.056      0.147     20.813      0.000

 Variances
    ID             26606.275   1348.654     19.728      0.000
    ECO                0.851      0.068     12.471      0.000
    BIO_PN             0.195      0.025      7.898      0.000
    BIO_IPI            0.198      0.023      8.764      0.000
    BIO_VRTN           0.161      0.020      8.032      0.000

Latent Class 5

 Means
    ID               304.395     24.272     12.541      0.000
    ECO                6.123      0.243     25.169      0.000
    BIO_PN             4.490      0.127     35.374      0.000
    BIO_IPI            4.668      0.075     61.886      0.000
    BIO_VRTN           4.628      0.066     69.898      0.000

 Variances
    ID             26606.275   1348.654     19.728      0.000
    ECO                0.851      0.068     12.471      0.000
    BIO_PN             0.195      0.025      7.898      0.000
    BIO_IPI            0.198      0.023      8.764      0.000
    BIO_VRTN           0.161      0.020      8.032      0.000

Latent Class 6

 Means
    ID               335.029     13.924     24.060      0.000
    ECO                5.441      0.096     56.473      0.000
    BIO_PN             3.817      0.050     77.037      0.000
    BIO_IPI            4.042      0.078     51.625      0.000
    BIO_VRTN           3.858      0.072     53.737      0.000

 Variances
    ID             26606.275   1348.654     19.728      0.000
    ECO                0.851      0.068     12.471      0.000
    BIO_PN             0.195      0.025      7.898      0.000
    BIO_IPI            0.198      0.023      8.764      0.000
    BIO_VRTN           0.161      0.020      8.032      0.000

Categorical Latent Variables

 Means
    C#1               -2.104      0.433     -4.864      0.000
    C#2               -1.153      0.197     -5.857      0.000
    C#3               -1.168      0.239     -4.890      0.000
    C#4               -0.810      0.260     -3.114      0.002
    C#5               -1.360      0.215     -6.334      0.000


QUALITY OF NUMERICAL RESULTS

     Condition Number for the Information Matrix              0.117E-02
       (ratio of smallest to largest eigenvalue)


TECHNICAL 11 OUTPUT

     Random Starts Specifications for the k-1 Class Analysis Model
        Number of initial stage random starts                 500
        Number of final stage optimizations                   100



     VUONG-LO-MENDELL-RUBIN LIKELIHOOD RATIO TEST FOR 5 (H0) VERSUS 6 CLASSES

          H0 Loglikelihood Value                        -6306.320
          2 Times the Loglikelihood Difference             52.585
          Difference in the Number of Parameters                6
          Mean                                            -28.742
          Standard Deviation                              100.898
          P-Value                                          0.1199

     LO-MENDELL-RUBIN ADJUSTED LRT TEST

          Value                                            51.244
          P-Value                                          0.1237


TECHNICAL 14 OUTPUT

     Random Starts Specifications for the k-1 Class Analysis Model
        Number of initial stage random starts                 500
        Number of final stage optimizations                   100

     Random Starts Specification for the k-1 Class Model for Generated Data
        Number of initial stage random starts                   0
        Number of final stage optimizations for the
           initial stage random starts                          0
     Random Starts Specification for the k Class Model for Generated Data
        Number of initial stage random starts                  40
        Number of final stage optimizations                     8
     Number of bootstrap draws requested                   Varies


     PARAMETRIC BOOTSTRAPPED LIKELIHOOD RATIO TEST FOR 5 (H0) VERSUS 6 CLASSES

          H0 Loglikelihood Value                        -6306.320
          2 Times the Loglikelihood Difference             52.585
          Difference in the Number of Parameters                6
          Approximate P-Value                              0.0000
          Successful Bootstrap Draws                           20


PLOT INFORMATION

The following plots are available:

  Histograms (sample values)
  Scatterplots (sample values)
  Sample means
  Estimated means, medians, modes, and percentiles
  Sample and estimated means
  Observed individual values
  Estimated means and observed individual values
  Estimated overall and class-specific distributions

SAVEDATA INFORMATION


  Save file
    lca_6.txt

  Order of variables

    ID
    ECO
    BIO_PN
    BIO_IPI
    BIO_VRTN
    CPROB1
    CPROB2
    CPROB3
    CPROB4
    CPROB5
    CPROB6
    C

  Save file format           Free

  Save file record length    10000

  Save missing symbol        *


     Beginning Time:  16:45:48
        Ending Time:  16:46:58
       Elapsed Time:  00:01:10



MUTHEN & MUTHEN
3463 Stoner Ave.
Los Angeles, CA  90066

Tel: (310) 391-9971
Fax: (310) 391-8971
Web: www.StatModel.com
Support: Support@StatModel.com

Copyright (c) 1998-2021 Muthen & Muthen
