Mplus VERSION 8.6
MUTHEN & MUTHEN
12/03/2025   6:52 PM

INPUT INSTRUCTIONS

  TITLE:
  Latent Class Analysis Mean Scales c=4
  DATA:
  FILE = "lca_means2_90b0f4ae8908c999841cb59e472ff594.dat";

  VARIABLE:
  NAMES = Eco Bio_PN Bio_IPI Bio_VRtN;
   MISSING=.;

    usevariables = Eco Bio_PN Bio_IPI Bio_VRtN;

    classes      = c(4)
  ANALYSIS:

      Type=mixture; ! LCA analysis
      STARTS= 500 100;
      !LRTstarts=0 0 300 20;

  OUTPUT:
  tech11 tech14;
  SAVEDATA:
  file = lca_4.txt ;
      save = cprob;
      format = free;

  PLOT:

      type = plot3;
      series is Eco(1) Bio_PN(2) Bio_IPI(3) Bio_VRtN(4);




*** WARNING in MODEL command
  All variables are uncorrelated with all other variables within class.
  Check that this is what is intended.
   1 WARNING(S) FOUND IN THE INPUT INSTRUCTIONS




Latent Class Analysis Mean Scales c=4

SUMMARY OF ANALYSIS

Number of groups                                                 1
Number of observations                                         588

Number of dependent variables                                    4
Number of independent variables                                  0
Number of continuous latent variables                            0
Number of categorical latent variables                           1

Observed dependent variables

  Continuous
   ECO         BIO_PN      BIO_IPI     BIO_VRTN

Categorical latent variables
   C


Estimator                                                      MLR
Information matrix                                        OBSERVED
Optimization Specifications for the Quasi-Newton Algorithm for
Continuous Outcomes
  Maximum number of iterations                                 100
  Convergence criterion                                  0.100D-05
Optimization Specifications for the EM Algorithm
  Maximum number of iterations                                 500
  Convergence criteria
    Loglikelihood change                                 0.100D-06
    Relative loglikelihood change                        0.100D-06
    Derivative                                           0.100D-05
Optimization Specifications for the M step of the EM Algorithm for
Categorical Latent variables
  Number of M step iterations                                    1
  M step convergence criterion                           0.100D-05
  Basis for M step termination                           ITERATION
Optimization Specifications for the M step of the EM Algorithm for
Censored, Binary or Ordered Categorical (Ordinal), Unordered
Categorical (Nominal) and Count Outcomes
  Number of M step iterations                                    1
  M step convergence criterion                           0.100D-05
  Basis for M step termination                           ITERATION
  Maximum value for logit thresholds                            15
  Minimum value for logit thresholds                           -15
  Minimum expected cell size for chi-square              0.100D-01
Maximum number of iterations for H1                           2000
Convergence criterion for H1                             0.100D-03
Optimization algorithm                                         EMA
Random Starts Specifications
  Number of initial stage random starts                        500
  Number of final stage optimizations                          100
  Number of initial stage iterations                            10
  Initial stage convergence criterion                    0.100D+01
  Random starts scale                                    0.500D+01
  Random seed for generating random starts                       0

Input data file(s)
  lca_means2_90b0f4ae8908c999841cb59e472ff594.dat
Input data format  FREE


SUMMARY OF DATA

     Number of missing data patterns             1
     Number of y missing data patterns           1
     Number of u missing data patterns           0


COVARIANCE COVERAGE OF DATA

Minimum covariance coverage value   0.100


     PROPORTION OF DATA PRESENT FOR Y


           Covariance Coverage
              ECO           BIO_PN        BIO_IPI       BIO_VRTN
              ________      ________      ________      ________
 ECO            1.000
 BIO_PN         1.000         1.000
 BIO_IPI        1.000         1.000         1.000
 BIO_VRTN       1.000         1.000         1.000         1.000



UNIVARIATE SAMPLE STATISTICS


     UNIVARIATE HIGHER-ORDER MOMENT DESCRIPTIVE STATISTICS

         Variable/         Mean/     Skewness/   Minimum/ % with                Percentiles
        Sample Size      Variance    Kurtosis    Maximum  Min/Max      20%/60%    40%/80%    Median

     ECO                   5.395      -0.438       1.750    0.17%       4.500      5.250      5.500
             588.000       1.092      -0.043       7.000   10.03%       5.750      6.250
     BIO_PN                3.413      -0.386       1.000    0.34%       2.667      3.333      3.667
             588.000       0.683      -0.297       5.000    3.57%       3.667      4.000
     BIO_IPI               3.727      -0.605       1.250    0.51%       3.000      3.750      3.750
             588.000       0.668       0.095       5.000    7.82%       4.000      4.500
     BIO_VRTN              3.405      -0.516       1.000    0.85%       2.750      3.250      3.500
             588.000       0.783      -0.267       5.000    3.23%       3.750      4.000

RANDOM STARTS RESULTS RANKED FROM THE BEST TO THE WORST LOGLIKELIHOOD VALUES

Final stage loglikelihood values at local maxima, seeds, and initial stage start numbers:

           -2575.586  485256           371
           -2575.586  926283           269
           -2575.586  850840           232
           -2575.586  273992           349
           -2575.586  967237           48
           -2575.586  190339           102
           -2575.586  425982           485
           -2575.586  462228           298
           -2575.586  821011           161
           -2575.586  569833           85
           -2575.586  580405           286
           -2575.586  569131           26
           -2575.586  937588           293
           -2575.586  311214           64
           -2575.586  414284           158
           -2575.586  1548             384
           -2575.586  662718           460
           -2585.070  635245           121
           -2585.070  945065           255
           -2585.070  391949           295
           -2585.070  456213           160
           -2585.070  369602           146
           -2585.070  534864           307
           -2585.070  395754           388
           -2585.070  840078           203
           -2585.070  466971           109
           -2585.070  207896           25
           -2585.070  193847           354
           -2585.070  618000           190
           -2585.070  314757           345
           -2585.070  535804           111
           -2585.070  220454           288
           -2585.070  967902           52
           -2585.070  441191           361
           -2585.070  97158            205
           -2585.070  285380           1

64 perturbed starting value run(s) did not converge or were rejected in the third stage.



THE BEST LOGLIKELIHOOD VALUE HAS BEEN REPLICATED.  RERUN WITH AT LEAST TWICE THE
RANDOM STARTS TO CHECK THAT THE BEST LOGLIKELIHOOD IS STILL OBTAINED AND REPLICATED.


THE MODEL ESTIMATION TERMINATED NORMALLY



MODEL FIT INFORMATION

Number of Free Parameters                       23

Loglikelihood

          H0 Value                       -2575.586
          H0 Scaling Correction Factor      1.1287
            for MLR

Information Criteria

          Akaike (AIC)                    5197.171
          Bayesian (BIC)                  5297.836
          Sample-Size Adjusted BIC        5224.819
            (n* = (n + 2) / 24)



FINAL CLASS COUNTS AND PROPORTIONS FOR THE LATENT CLASSES
BASED ON THE ESTIMATED MODEL

    Latent
   Classes

       1         84.18228          0.14317
       2         70.13641          0.11928
       3        291.26397          0.49535
       4        142.41734          0.24221


FINAL CLASS COUNTS AND PROPORTIONS FOR THE LATENT CLASSES
BASED ON ESTIMATED POSTERIOR PROBABILITIES

    Latent
   Classes

       1         84.18228          0.14317
       2         70.13641          0.11928
       3        291.26397          0.49535
       4        142.41734          0.24221


FINAL CLASS COUNTS AND PROPORTIONS FOR THE LATENT CLASSES
BASED ON THEIR MOST LIKELY LATENT CLASS MEMBERSHIP

Class Counts and Proportions

    Latent
   Classes

       1               82          0.13946
       2               69          0.11735
       3              294          0.50000
       4              143          0.24320


CLASSIFICATION QUALITY

     Entropy                         0.822


Average Latent Class Probabilities for Most Likely Latent Class Membership (Row)
by Latent Class (Column)

           1        2        3        4

    1   0.966    0.000    0.000    0.034
    2   0.000    0.869    0.131    0.000
    3   0.000    0.035    0.908    0.057
    4   0.035    0.000    0.106    0.859


Classification Probabilities for the Most Likely Latent Class Membership (Column)
by Latent Class (Row)

           1        2        3        4

    1   0.941    0.000    0.000    0.059
    2   0.000    0.855    0.145    0.000
    3   0.000    0.031    0.917    0.052
    4   0.019    0.000    0.118    0.862


Logits for the Classification Probabilities for the Most Likely Latent Class Membership (Column)
by Latent Class (Row)

              1        2        3        4

    1      2.771  -10.983  -10.983    0.000
    2     -1.408   12.250   10.479    0.000
    3    -10.864   -0.519    2.864    0.000
    4     -3.790  -12.880   -1.988    0.000


MODEL RESULTS

                                                    Two-Tailed
                    Estimate       S.E.  Est./S.E.    P-Value

Latent Class 1

 Means
    ECO                5.196      0.138     37.549      0.000
    BIO_PN             2.230      0.093     23.944      0.000
    BIO_IPI            2.361      0.093     25.429      0.000
    BIO_VRTN           1.873      0.059     31.528      0.000

 Variances
    ECO                1.032      0.062     16.640      0.000
    BIO_PN             0.327      0.024     13.790      0.000
    BIO_IPI            0.247      0.019     12.955      0.000
    BIO_VRTN           0.127      0.016      7.761      0.000

Latent Class 2

 Means
    ECO                6.017      0.142     42.346      0.000
    BIO_PN             4.400      0.069     63.328      0.000
    BIO_IPI            4.627      0.071     65.547      0.000
    BIO_VRTN           4.623      0.064     72.717      0.000

 Variances
    ECO                1.032      0.062     16.640      0.000
    BIO_PN             0.327      0.024     13.790      0.000
    BIO_IPI            0.247      0.019     12.955      0.000
    BIO_VRTN           0.127      0.016      7.761      0.000

Latent Class 3

 Means
    ECO                5.275      0.071     74.698      0.000
    BIO_PN             3.637      0.047     77.000      0.000
    BIO_IPI            4.023      0.042     96.236      0.000
    BIO_VRTN           3.805      0.047     80.776      0.000

 Variances
    ECO                1.032      0.062     16.640      0.000
    BIO_PN             0.327      0.024     13.790      0.000
    BIO_IPI            0.247      0.019     12.955      0.000
    BIO_VRTN           0.127      0.016      7.761      0.000

Latent Class 4

 Means
    ECO                5.450      0.105     51.739      0.000
    BIO_PN             3.167      0.086     36.784      0.000
    BIO_IPI            3.484      0.075     46.335      0.000
    BIO_VRTN           2.893      0.093     31.000      0.000

 Variances
    ECO                1.032      0.062     16.640      0.000
    BIO_PN             0.327      0.024     13.790      0.000
    BIO_IPI            0.247      0.019     12.955      0.000
    BIO_VRTN           0.127      0.016      7.761      0.000

Categorical Latent Variables

 Means
    C#1               -0.526      0.166     -3.165      0.002
    C#2               -0.708      0.242     -2.933      0.003
    C#3                0.715      0.179      3.996      0.000


QUALITY OF NUMERICAL RESULTS

     Condition Number for the Information Matrix              0.185E-02
       (ratio of smallest to largest eigenvalue)


TECHNICAL 11 OUTPUT

     Random Starts Specifications for the k-1 Class Analysis Model
        Number of initial stage random starts                 500
        Number of final stage optimizations                   100



     VUONG-LO-MENDELL-RUBIN LIKELIHOOD RATIO TEST FOR 3 (H0) VERSUS 4 CLASSES

          H0 Loglikelihood Value                        -2630.559
          2 Times the Loglikelihood Difference            109.947
          Difference in the Number of Parameters                5
          Mean                                            -12.473
          Standard Deviation                               46.170
          P-Value                                          0.0025

     LO-MENDELL-RUBIN ADJUSTED LRT TEST

          Value                                           106.604
          P-Value                                          0.0029


TECHNICAL 14 OUTPUT

     Random Starts Specifications for the k-1 Class Analysis Model
        Number of initial stage random starts                 500
        Number of final stage optimizations                   100

     Random Starts Specification for the k-1 Class Model for Generated Data
        Number of initial stage random starts                   0
        Number of final stage optimizations for the
           initial stage random starts                          0
     Random Starts Specification for the k Class Model for Generated Data
        Number of initial stage random starts                  40
        Number of final stage optimizations                     8
     Number of bootstrap draws requested                   Varies


     PARAMETRIC BOOTSTRAPPED LIKELIHOOD RATIO TEST FOR 3 (H0) VERSUS 4 CLASSES

          H0 Loglikelihood Value                        -2630.559
          2 Times the Loglikelihood Difference            109.947
          Difference in the Number of Parameters                5
          Approximate P-Value                              0.0000
          Successful Bootstrap Draws                           10


PLOT INFORMATION

The following plots are available:

  Histograms (sample values)
  Scatterplots (sample values)
  Sample means
  Estimated means, medians, modes, and percentiles
  Sample and estimated means
  Observed individual values
  Estimated means and observed individual values
  Estimated overall and class-specific distributions

SAVEDATA INFORMATION


  Save file
    lca_4.txt

  Order of variables

    ECO
    BIO_PN
    BIO_IPI
    BIO_VRTN
    CPROB1
    CPROB2
    CPROB3
    CPROB4
    C

  Save file format           Free

  Save file record length    10000

  Save missing symbol        *


     Beginning Time:  18:52:48
        Ending Time:  18:53:25
       Elapsed Time:  00:00:37



MUTHEN & MUTHEN
3463 Stoner Ave.
Los Angeles, CA  90066

Tel: (310) 391-9971
Fax: (310) 391-8971
Web: www.StatModel.com
Support: Support@StatModel.com

Copyright (c) 1998-2021 Muthen & Muthen
