Mplus VERSION 8.6
MUTHEN & MUTHEN
12/03/2025   6:54 PM

INPUT INSTRUCTIONS

  TITLE:
  Latent Class Analysis Mean Scales c=6
  DATA:
  FILE = "lca_means2_90b0f4ae8908c999841cb59e472ff594.dat";

  VARIABLE:
  NAMES = Eco Bio_PN Bio_IPI Bio_VRtN;
   MISSING=.;

    usevariables = Eco Bio_PN Bio_IPI Bio_VRtN;

    classes      = c(6)
  ANALYSIS:

      Type=mixture; ! LCA analysis
      STARTS= 500 100;
      !LRTstarts=0 0 300 20;

  OUTPUT:
  tech11 tech14;
  SAVEDATA:
  file = lca_6.txt ;
      save = cprob;
      format = free;

  PLOT:

      type = plot3;
      series is Eco(1) Bio_PN(2) Bio_IPI(3) Bio_VRtN(4);




*** WARNING in MODEL command
  All variables are uncorrelated with all other variables within class.
  Check that this is what is intended.
   1 WARNING(S) FOUND IN THE INPUT INSTRUCTIONS




Latent Class Analysis Mean Scales c=6

SUMMARY OF ANALYSIS

Number of groups                                                 1
Number of observations                                         588

Number of dependent variables                                    4
Number of independent variables                                  0
Number of continuous latent variables                            0
Number of categorical latent variables                           1

Observed dependent variables

  Continuous
   ECO         BIO_PN      BIO_IPI     BIO_VRTN

Categorical latent variables
   C


Estimator                                                      MLR
Information matrix                                        OBSERVED
Optimization Specifications for the Quasi-Newton Algorithm for
Continuous Outcomes
  Maximum number of iterations                                 100
  Convergence criterion                                  0.100D-05
Optimization Specifications for the EM Algorithm
  Maximum number of iterations                                 500
  Convergence criteria
    Loglikelihood change                                 0.100D-06
    Relative loglikelihood change                        0.100D-06
    Derivative                                           0.100D-05
Optimization Specifications for the M step of the EM Algorithm for
Categorical Latent variables
  Number of M step iterations                                    1
  M step convergence criterion                           0.100D-05
  Basis for M step termination                           ITERATION
Optimization Specifications for the M step of the EM Algorithm for
Censored, Binary or Ordered Categorical (Ordinal), Unordered
Categorical (Nominal) and Count Outcomes
  Number of M step iterations                                    1
  M step convergence criterion                           0.100D-05
  Basis for M step termination                           ITERATION
  Maximum value for logit thresholds                            15
  Minimum value for logit thresholds                           -15
  Minimum expected cell size for chi-square              0.100D-01
Maximum number of iterations for H1                           2000
Convergence criterion for H1                             0.100D-03
Optimization algorithm                                         EMA
Random Starts Specifications
  Number of initial stage random starts                        500
  Number of final stage optimizations                          100
  Number of initial stage iterations                            10
  Initial stage convergence criterion                    0.100D+01
  Random starts scale                                    0.500D+01
  Random seed for generating random starts                       0

Input data file(s)
  lca_means2_90b0f4ae8908c999841cb59e472ff594.dat
Input data format  FREE


SUMMARY OF DATA

     Number of missing data patterns             1
     Number of y missing data patterns           1
     Number of u missing data patterns           0


COVARIANCE COVERAGE OF DATA

Minimum covariance coverage value   0.100


     PROPORTION OF DATA PRESENT FOR Y


           Covariance Coverage
              ECO           BIO_PN        BIO_IPI       BIO_VRTN
              ________      ________      ________      ________
 ECO            1.000
 BIO_PN         1.000         1.000
 BIO_IPI        1.000         1.000         1.000
 BIO_VRTN       1.000         1.000         1.000         1.000



UNIVARIATE SAMPLE STATISTICS


     UNIVARIATE HIGHER-ORDER MOMENT DESCRIPTIVE STATISTICS

         Variable/         Mean/     Skewness/   Minimum/ % with                Percentiles
        Sample Size      Variance    Kurtosis    Maximum  Min/Max      20%/60%    40%/80%    Median

     ECO                   5.395      -0.438       1.750    0.17%       4.500      5.250      5.500
             588.000       1.092      -0.043       7.000   10.03%       5.750      6.250
     BIO_PN                3.413      -0.386       1.000    0.34%       2.667      3.333      3.667
             588.000       0.683      -0.297       5.000    3.57%       3.667      4.000
     BIO_IPI               3.727      -0.605       1.250    0.51%       3.000      3.750      3.750
             588.000       0.668       0.095       5.000    7.82%       4.000      4.500
     BIO_VRTN              3.405      -0.516       1.000    0.85%       2.750      3.250      3.500
             588.000       0.783      -0.267       5.000    3.23%       3.750      4.000

RANDOM STARTS RESULTS RANKED FROM THE BEST TO THE WORST LOGLIKELIHOOD VALUES

Final stage loglikelihood values at local maxima, seeds, and initial stage start numbers:

           -2505.610  140442           500
           -2505.610  699554           427
           -2505.610  371246           101
           -2505.610  584397           428
           -2505.610  926283           269
           -2505.610  790452           303
           -2505.610  188498           258
           -2505.610  260601           36
           -2505.610  354208           196
           -2505.610  347515           24
           -2505.610  118421           139
           -2505.610  369602           146
           -2505.610  978781           497
           -2505.610  281462           285
           -2505.610  350608           334
           -2505.610  329127           185
           -2505.610  40340            188
           -2505.610  481835           57
           -2505.610  496881           192
           -2505.610  579995           183
           -2505.610  605161           409
           -2505.610  441191           361
           -2505.610  988761           475
           -2505.610  76974            16
           -2505.610  830529           279
           -2505.610  316165           299
           -2505.610  741484           441
           -2505.610  471438           252
           -2505.610  791396           243
           -2505.772  61587            400
           -2505.772  518828           432
           -2505.772  232226           235
           -2505.772  373505           88
           -2505.772  937225           394
           -2505.772  996231           310
           -2505.772  960438           116
           -2505.772  392751           480
           -2505.772  484687           306
           -2505.772  928287           197
           -2505.772  836515           341
           -2505.772  614009           317
           -2505.772  535063           329
           -2505.772  551639           55
           -2505.772  252949           487
           -2505.772  342019           301
           -2505.772  27071            15
           -2505.772  464179           106
           -2505.772  754100           56
           -2505.772  313407           132
           -2519.773  804660           260
           -2519.773  972430           491
           -2519.773  967902           52
           -2519.773  404510           442
           -2523.850  863691           481
           -2528.166  227563           63

45 perturbed starting value run(s) did not converge or were rejected in the third stage.



THE BEST LOGLIKELIHOOD VALUE HAS BEEN REPLICATED.  RERUN WITH AT LEAST TWICE THE
RANDOM STARTS TO CHECK THAT THE BEST LOGLIKELIHOOD IS STILL OBTAINED AND REPLICATED.


THE MODEL ESTIMATION TERMINATED NORMALLY



MODEL FIT INFORMATION

Number of Free Parameters                       33

Loglikelihood

          H0 Value                       -2505.610
          H0 Scaling Correction Factor      1.2057
            for MLR

Information Criteria

          Akaike (AIC)                    5077.220
          Bayesian (BIC)                  5221.652
          Sample-Size Adjusted BIC        5116.889
            (n* = (n + 2) / 24)



FINAL CLASS COUNTS AND PROPORTIONS FOR THE LATENT CLASSES
BASED ON THE ESTIMATED MODEL

    Latent
   Classes

       1         88.28102          0.15014
       2         65.59021          0.11155
       3         69.74625          0.11862
       4        238.89930          0.40629
       5         66.64635          0.11334
       6         58.83687          0.10006


FINAL CLASS COUNTS AND PROPORTIONS FOR THE LATENT CLASSES
BASED ON ESTIMATED POSTERIOR PROBABILITIES

    Latent
   Classes

       1         88.28102          0.15014
       2         65.59021          0.11155
       3         69.74625          0.11862
       4        238.89930          0.40629
       5         66.64635          0.11334
       6         58.83687          0.10006


FINAL CLASS COUNTS AND PROPORTIONS FOR THE LATENT CLASSES
BASED ON THEIR MOST LIKELY LATENT CLASS MEMBERSHIP

Class Counts and Proportions

    Latent
   Classes

       1               86          0.14626
       2               65          0.11054
       3               72          0.12245
       4              250          0.42517
       5               57          0.09694
       6               58          0.09864


CLASSIFICATION QUALITY

     Entropy                         0.789


Average Latent Class Probabilities for Most Likely Latent Class Membership (Row)
by Latent Class (Column)

           1        2        3        4        5        6

    1   0.852    0.053    0.022    0.073    0.000    0.000
    2   0.055    0.939    0.006    0.000    0.000    0.000
    3   0.037    0.000    0.817    0.095    0.052    0.000
    4   0.035    0.000    0.027    0.858    0.058    0.021
    5   0.000    0.000    0.032    0.140    0.765    0.063
    6   0.000    0.000    0.000    0.057    0.083    0.860


Classification Probabilities for the Most Likely Latent Class Membership (Column)
by Latent Class (Row)

           1        2        3        4        5        6

    1   0.830    0.041    0.030    0.099    0.000    0.000
    2   0.069    0.931    0.000    0.000    0.000    0.000
    3   0.027    0.005    0.843    0.098    0.026    0.000
    4   0.026    0.000    0.029    0.898    0.033    0.014
    5   0.000    0.000    0.056    0.218    0.654    0.072
    6   0.000    0.000    0.000    0.091    0.061    0.848


Logits for the Classification Probabilities for the Most Likely Latent Class Membership (Column)
by Latent Class (Row)

              1        2        3        4        5        6

    1     13.629   10.616   10.319   11.502    0.732    0.000
    2     11.148   13.744    2.290    0.146    0.000    0.000
    3      8.516    6.868   11.957    9.808    8.491    0.000
    4      0.651   -9.527    0.731    4.181    0.887    0.000
    5     -7.667  -11.191   -0.263    1.100    2.201    0.000
    6    -13.651  -13.651  -11.309   -2.234   -2.629    0.000


MODEL RESULTS

                                                    Two-Tailed
                    Estimate       S.E.  Est./S.E.    P-Value

Latent Class 1

 Means
    ECO                5.745      0.129     44.444      0.000
    BIO_PN             3.007      0.140     21.469      0.000
    BIO_IPI            3.096      0.139     22.248      0.000
    BIO_VRTN           2.610      0.175     14.876      0.000

 Variances
    ECO                0.759      0.069     10.924      0.000
    BIO_PN             0.191      0.024      7.821      0.000
    BIO_IPI            0.173      0.020      8.497      0.000
    BIO_VRTN           0.195      0.016     11.914      0.000

Latent Class 2

 Means
    ECO                5.051      0.199     25.413      0.000
    BIO_PN             2.065      0.126     16.441      0.000
    BIO_IPI            2.220      0.105     21.078      0.000
    BIO_VRTN           1.834      0.086     21.375      0.000

 Variances
    ECO                0.759      0.069     10.924      0.000
    BIO_PN             0.191      0.024      7.821      0.000
    BIO_IPI            0.173      0.020      8.497      0.000
    BIO_VRTN           0.195      0.016     11.914      0.000

Latent Class 3

 Means
    ECO                4.275      0.169     25.342      0.000
    BIO_PN             2.655      0.093     28.496      0.000
    BIO_IPI            4.141      0.087     47.810      0.000
    BIO_VRTN           3.411      0.112     30.422      0.000

 Variances
    ECO                0.759      0.069     10.924      0.000
    BIO_PN             0.191      0.024      7.821      0.000
    BIO_IPI            0.173      0.020      8.497      0.000
    BIO_VRTN           0.195      0.016     11.914      0.000

Latent Class 4

 Means
    ECO                5.640      0.062     90.556      0.000
    BIO_PN             3.783      0.057     66.277      0.000
    BIO_IPI            3.797      0.052     72.443      0.000
    BIO_VRTN           3.640      0.064     56.466      0.000

 Variances
    ECO                0.759      0.069     10.924      0.000
    BIO_PN             0.191      0.024      7.821      0.000
    BIO_IPI            0.173      0.020      8.497      0.000
    BIO_VRTN           0.195      0.016     11.914      0.000

Latent Class 5

 Means
    ECO                4.760      0.189     25.206      0.000
    BIO_PN             3.735      0.131     28.505      0.000
    BIO_IPI            4.568      0.074     61.586      0.000
    BIO_VRTN           4.131      0.085     48.471      0.000

 Variances
    ECO                0.759      0.069     10.924      0.000
    BIO_PN             0.191      0.024      7.821      0.000
    BIO_IPI            0.173      0.020      8.497      0.000
    BIO_VRTN           0.195      0.016     11.914      0.000

Latent Class 6

 Means
    ECO                6.300      0.159     39.505      0.000
    BIO_PN             4.552      0.072     63.147      0.000
    BIO_IPI            4.622      0.089     52.105      0.000
    BIO_VRTN           4.567      0.084     54.483      0.000

 Variances
    ECO                0.759      0.069     10.924      0.000
    BIO_PN             0.191      0.024      7.821      0.000
    BIO_IPI            0.173      0.020      8.497      0.000
    BIO_VRTN           0.195      0.016     11.914      0.000

Categorical Latent Variables

 Means
    C#1                0.406      0.272      1.489      0.136
    C#2                0.109      0.321      0.338      0.735
    C#3                0.170      0.299      0.568      0.570
    C#4                1.401      0.220      6.378      0.000
    C#5                0.125      0.305      0.409      0.683


QUALITY OF NUMERICAL RESULTS

     Condition Number for the Information Matrix              0.605E-03
       (ratio of smallest to largest eigenvalue)


TECHNICAL 11 OUTPUT

     Random Starts Specifications for the k-1 Class Analysis Model
        Number of initial stage random starts                 500
        Number of final stage optimizations                   100



     VUONG-LO-MENDELL-RUBIN LIKELIHOOD RATIO TEST FOR 5 (H0) VERSUS 6 CLASSES

          H0 Loglikelihood Value                        -2529.247
          2 Times the Loglikelihood Difference             47.273
          Difference in the Number of Parameters                5
          Mean                                             -1.762
          Standard Deviation                               31.284
          P-Value                                          0.0388

     LO-MENDELL-RUBIN ADJUSTED LRT TEST

          Value                                            45.835
          P-Value                                          0.0421


TECHNICAL 14 OUTPUT

     Random Starts Specifications for the k-1 Class Analysis Model
        Number of initial stage random starts                 500
        Number of final stage optimizations                   100

     Random Starts Specification for the k-1 Class Model for Generated Data
        Number of initial stage random starts                   0
        Number of final stage optimizations for the
           initial stage random starts                          0
     Random Starts Specification for the k Class Model for Generated Data
        Number of initial stage random starts                  40
        Number of final stage optimizations                     8
     Number of bootstrap draws requested                   Varies


     PARAMETRIC BOOTSTRAPPED LIKELIHOOD RATIO TEST FOR 5 (H0) VERSUS 6 CLASSES

          H0 Loglikelihood Value                        -2529.247
          2 Times the Loglikelihood Difference             47.273
          Difference in the Number of Parameters                5
          Approximate P-Value                              0.0000
          Successful Bootstrap Draws                           10

     WARNING:  OF THE 10 BOOTSTRAP DRAWS, 6 DRAWS HAD BOTH A SMALLER LRT VALUE THAN THE
     OBSERVED LRT VALUE AND NOT A REPLICATED BEST LOGLIKELIHOOD VALUE FOR THE 6-CLASS MODEL.
     THIS MEANS THAT THE P-VALUE MAY NOT BE TRUSTWORTHY DUE TO LOCAL MAXIMA.
     INCREASE THE NUMBER OF RANDOM STARTS USING THE LRTSTARTS OPTION.



PLOT INFORMATION

The following plots are available:

  Histograms (sample values)
  Scatterplots (sample values)
  Sample means
  Estimated means, medians, modes, and percentiles
  Sample and estimated means
  Observed individual values
  Estimated means and observed individual values
  Estimated overall and class-specific distributions

SAVEDATA INFORMATION


  Save file
    lca_6.txt

  Order of variables

    ECO
    BIO_PN
    BIO_IPI
    BIO_VRTN
    CPROB1
    CPROB2
    CPROB3
    CPROB4
    CPROB5
    CPROB6
    C

  Save file format           Free

  Save file record length    10000

  Save missing symbol        *


     Beginning Time:  18:54:03
        Ending Time:  18:54:47
       Elapsed Time:  00:00:44



MUTHEN & MUTHEN
3463 Stoner Ave.
Los Angeles, CA  90066

Tel: (310) 391-9971
Fax: (310) 391-8971
Web: www.StatModel.com
Support: Support@StatModel.com

Copyright (c) 1998-2021 Muthen & Muthen
